<?xml version="1.0" encoding="UTF-8"?>
<testng-results skipped="0" failed="0" total="1" passed="1">
  <reporter-output>
  </reporter-output>
  <suite name="Default suite" duration-ms="1983" started-at="2020-02-15T06:13:50Z" finished-at="2020-02-15T06:13:52Z">
    <groups>
    </groups>
    <test name="Default test" duration-ms="1983" started-at="2020-02-15T06:13:50Z" finished-at="2020-02-15T06:13:52Z">
      <class name="Test.BasicOfRestAssured">
        <test-method status="PASS" signature="TestF1()[pri:0, instance:Test.BasicOfRestAssured@30c7da1e]" name="TestF1" duration-ms="1973" started-at="2020-02-15T11:43:50Z" finished-at="2020-02-15T11:43:52Z">
          <reporter-output>
          </reporter-output>
        </test-method> <!-- TestF1 -->
      </class> <!-- Test.BasicOfRestAssured -->
    </test> <!-- Default test -->
  </suite> <!-- Default suite -->
</testng-results>
